#
# A fatal error has been detected by the Java Runtime Environment:
#
#  EXCEPTION_ACCESS_VIOLATION (0xc0000005) at pc=0x000000006283d7dc, pid=26724, tid=27372
#
# JRE version: Java(TM) SE Runtime Environment (10.0.1+10) (build 10.0.1+10)
# Java VM: Java HotSpot(TM) 64-Bit Server VM (10.0.1+10, mixed mode, tiered, compressed oops, g1 gc, windows-amd64)
# Problematic frame:
# V  [jvm.dll+0x31d7dc]
#
# No core dump will be written. Minidumps are not enabled by default on client versions of Windows
#
# If you would like to submit a bug report, please visit:
#   http://bugreport.java.com/bugreport/crash.jsp
#

---------------  S U M M A R Y ------------

Command Line: -agentlib:jdwp=transport=dt_socket,suspend=y,address=localhost:59037 -ea -Dfile.encoding=Cp1252 org.testng.remote.RemoteTestNG -serport 59036 -protocol json -d E:\Eclipse\com.SeleniumLearning\test-output C:\Users\abhik\AppData\Local\Temp\testng-eclipse-146380904\testng-customsuite.xml

Host: Intel(R) Core(TM) i5-8250U CPU @ 1.60GHz, 8 cores, 7G,  Windows 10 , 64 bit Build 19041 (10.0.19041.928)
Time: Tue Jun 01 23:57:27 2021 India Standard Time elapsed time: 1178 seconds (0d 0h 19m 38s)

---------------  T H R E A D  ---------------

Current thread (0x0000017cda51f800):  VMThread "VM Thread" [stack: 0x0000007032700000,0x0000007032800000] [id=27372]

Stack: [0x0000007032700000,0x0000007032800000],  sp=0x00000070327fee80,  free space=1019k
Native frames: (J=compiled Java code, j=interpreted, Vv=VM code, C=native code)
V  [jvm.dll+0x31d7dc]
V  [jvm.dll+0x31fb40]
V  [jvm.dll+0x3201ce]
V  [jvm.dll+0x31d9a5]
V  [jvm.dll+0x31cd63]
V  [jvm.dll+0x590c0f]
V  [jvm.dll+0x590ff6]
V  [jvm.dll+0x590db6]
V  [jvm.dll+0x55c228]
V  [jvm.dll+0x473b9a]
V  [jvm.dll+0x6c485c]
V  [jvm.dll+0x6c2fc5]
V  [jvm.dll+0x6c37d0]
V  [jvm.dll+0x6c3b0c]
V  [jvm.dll+0x59f680]
C  [msvcr120.dll+0x24f7f]
C  [msvcr120.dll+0x25126]
C  [KERNEL32.DLL+0x17034]
C  [ntdll.dll+0x52651]


siginfo: EXCEPTION_ACCESS_VIOLATION (0xc0000005), reading address 0x0000000000000006


Register to memory mapping:

RIP=0x000000006283d7dc jvm.dll
RAX=0x0000000000000000 is an unknown value
RBX=0x0000017cdc059e28 is pointing into metadata
RCX=0x000000000000db06 is an unknown value
RDX=0x0000000000000002 is an unknown value
RSP=0x00000070327fee80 is an unknown value
RBP=0x0000000000000001 is an unknown value
RSI=0x0000000062ebac28 jvm.dll
RDI=0x00000070327ff120 is an unknown value
R8 =0x0000000000000000 is an unknown value
R9 =0x0000017cdc059e28 is pointing into metadata
R10=0x0000017cdc059e28 is pointing into metadata
R11=0x0000000100109130 is pointing into metadata
R12=0x0000000062c9d601 jvm.dll
R13=0x0000000000000000 is an unknown value
R14=0x0000000000000001 is an unknown value
R15=0x0000000000000000 is an unknown value


Registers:
RAX=0x0000000000000000, RBX=0x0000017cdc059e28, RCX=0x000000000000db06, RDX=0x0000000000000002
RSP=0x00000070327fee80, RBP=0x0000000000000001, RSI=0x0000000062ebac28, RDI=0x00000070327ff120
R8 =0x0000000000000000, R9 =0x0000017cdc059e28, R10=0x0000017cdc059e28, R11=0x0000000100109130
R12=0x0000000062c9d601, R13=0x0000000000000000, R14=0x0000000000000001, R15=0x0000000000000000
RIP=0x000000006283d7dc, EFLAGS=0x0000000000010202

Top of Stack: (sp=0x00000070327fee80)
0x00000070327fee80:   00000070327fef70 0000000062634e7e
0x00000070327fee90:   0000000000000000 0000000000000000
0x00000070327feea0:   0000000000000000 0000017cb681a850
0x00000070327feeb0:   00000070327fef70 000000006283e513
0x00000070327feec0:   0000042dc2414cfb 0000000000000000
0x00000070327feed0:   0000000000000000 00000070327fef70
0x00000070327feee0:   00000070327ff120 000000006283fb40
0x00000070327feef0:   0000017cda3b5c10 0000000000000000
0x00000070327fef00:   0000000000000001 0000000062840ed4
0x00000070327fef10:   0000003400000000 000000b100000034
0x00000070327fef20:   0000000000000000 0000000000000034
0x00000070327fef30:   0000017cda3b5c10 00000000628401ce
0x00000070327fef40:   00000070327ff120 00000070327fefa0
0x00000070327fef50:   0000000000000000 0000017cda3b5c10
0x00000070327fef60:   0000000000006000 0000000062842071
0x00000070327fef70:   0000017cdc05a298 0000017cda51f800 

Instructions: (pc=0x000000006283d7dc)
0x000000006283d7bc:   8b cb e8 8d 11 f1 ff 48 8b cb 8b d0 e8 f3 38 f1
0x000000006283d7cc:   ff 48 8d 35 54 d4 67 00 48 63 c8 48 8b 44 cb 40
0x000000006283d7dc:   0f b6 48 06 8b 05 3e d4 67 00 80 f9 4c 74 2b 80
0x000000006283d7ec:   f9 5b 74 26 80 f9 4a 74 18 80 f9 44 74 13 48 8d 


VM_Operation (0x00000070331ff330): GetOrSetLocal, mode: safepoint, requested by thread 0x0000017cdb0ec800


---------------  P R O C E S S  ---------------

Threads class SMR info:
_java_thread_list=0x0000017cdbbfc0c0, length=19, elements={
0x0000017cb6928800, 0x0000017cda527000, 0x0000017cda530000, 0x0000017cdaea3800,
0x0000017cda53c800, 0x0000017cda541000, 0x0000017cda545000, 0x0000017cda545800,
0x0000017cdaecc000, 0x0000017cdaed5000, 0x0000017cdb0ec800, 0x0000017cdb0f0000,
0x0000017cdb0f1000, 0x0000017cdb107800, 0x0000017cdb10d800, 0x0000017cdb950000,
0x0000017cdbe0e000, 0x0000017cdbe37800, 0x0000017cdafd2800
}

Java Threads: ( => current thread )
  0x0000017cb6928800 JavaThread "main" [_thread_blocked, id=23516, stack(0x0000007031200000,0x0000007031300000)]
  0x0000017cda527000 JavaThread "Reference Handler" daemon [_thread_blocked, id=18160, stack(0x0000007032800000,0x0000007032900000)]
  0x0000017cda530000 JavaThread "Finalizer" daemon [_thread_blocked, id=8868, stack(0x0000007032900000,0x0000007032a00000)]
  0x0000017cdaea3800 JavaThread "Signal Dispatcher" daemon [_thread_blocked, id=24480, stack(0x0000007032a00000,0x0000007032b00000)]
  0x0000017cda53c800 JavaThread "Attach Listener" daemon [_thread_blocked, id=6960, stack(0x0000007032b00000,0x0000007032c00000)]
  0x0000017cda541000 JavaThread "C2 CompilerThread0" daemon [_thread_blocked, id=22680, stack(0x0000007032c00000,0x0000007032d00000)]
  0x0000017cda545000 JavaThread "C2 CompilerThread1" daemon [_thread_blocked, id=8816, stack(0x0000007032d00000,0x0000007032e00000)]
  0x0000017cda545800 JavaThread "C2 CompilerThread2" daemon [_thread_blocked, id=19896, stack(0x0000007032e00000,0x0000007032f00000)]
  0x0000017cdaecc000 JavaThread "C1 CompilerThread3" daemon [_thread_blocked, id=1704, stack(0x0000007032f00000,0x0000007033000000)]
  0x0000017cdaed5000 JavaThread "Sweeper thread" daemon [_thread_blocked, id=3408, stack(0x0000007033000000,0x0000007033100000)]
  0x0000017cdb0ec800 JavaThread "JDWP Transport Listener: dt_socket" daemon [_thread_blocked, id=18836, stack(0x0000007033100000,0x0000007033200000)] _threads_hazard_ptr=0x0000017cdbbfc0c0
  0x0000017cdb0f0000 JavaThread "JDWP Event Helper Thread" daemon [_thread_blocked, id=15596, stack(0x0000007033200000,0x0000007033300000)]
  0x0000017cdb0f1000 JavaThread "JDWP Command Reader" daemon [_thread_blocked, id=24228, stack(0x0000007033300000,0x0000007033400000)]
  0x0000017cdb107800 JavaThread "Service Thread" daemon [_thread_blocked, id=13852, stack(0x0000007033400000,0x0000007033500000)]
  0x0000017cdb10d800 JavaThread "Common-Cleaner" daemon [_thread_blocked, id=19752, stack(0x0000007033500000,0x0000007033600000)]
  0x0000017cdb950000 JavaThread "ReaderThread" [_thread_in_native, id=19056, stack(0x0000007033800000,0x0000007033900000)]
  0x0000017cdbe0e000 JavaThread "Exec Default Executor" daemon [_thread_in_native, id=26908, stack(0x0000007033900000,0x0000007033a00000)]
  0x0000017cdbe37800 JavaThread "Exec Stream Pumper" daemon [_thread_in_native, id=6408, stack(0x0000007033a00000,0x0000007033b00000)]
  0x0000017cdafd2800 JavaThread "Exec Stream Pumper" daemon [_thread_in_native, id=1492, stack(0x0000007033b00000,0x0000007033c00000)]

Other Threads:
=>0x0000017cda51f800 VMThread "VM Thread" [stack: 0x0000007032700000,0x0000007032800000] [id=27372]
  0x0000017cdb10e800 WatcherThread [stack: 0x0000007033600000,0x0000007033700000] [id=19892]
  0x0000017cb6943000 GCTaskThread "GC Thread#0" [stack: 0x0000007031300000,0x0000007031400000] [id=14492]
  0x0000017cb6944800 GCTaskThread "GC Thread#1" [stack: 0x0000007031400000,0x0000007031500000] [id=25640]
  0x0000017cb6947000 GCTaskThread "GC Thread#2" [stack: 0x0000007031500000,0x0000007031600000] [id=22064]
  0x0000017cb6951000 GCTaskThread "GC Thread#3" [stack: 0x0000007031600000,0x0000007031700000] [id=17548]
  0x0000017cb6952000 GCTaskThread "GC Thread#4" [stack: 0x0000007031700000,0x0000007031800000] [id=17356]
  0x0000017cb6954800 GCTaskThread "GC Thread#5" [stack: 0x0000007031800000,0x0000007031900000] [id=27044]
  0x0000017cb6955800 GCTaskThread "GC Thread#6" [stack: 0x0000007031900000,0x0000007031a00000] [id=27180]
  0x0000017cb6956800 GCTaskThread "GC Thread#7" [stack: 0x0000007031a00000,0x0000007031b00000] [id=9888]
  0x0000017cb69c2000 ConcurrentGCThread "G1 Main Marker" [stack: 0x0000007031b00000,0x0000007031c00000] [id=21928]
  0x0000017cb69c3000 ConcurrentGCThread "G1 Conc#0" [stack: 0x0000007031c00000,0x0000007031d00000] [id=22964]
  0x0000017cb69c4000 ConcurrentGCThread "G1 Conc#1" [stack: 0x0000007031d00000,0x0000007031e00000] [id=11628]
  0x0000017cb6a0e000 ConcurrentGCThread "G1 Refine#0" [stack: 0x0000007031e00000,0x0000007031f00000] [id=3276]
  0x0000017cda3a0800 ConcurrentGCThread "G1 Refine#1" [stack: 0x0000007031f00000,0x0000007032000000] [id=24968]
  0x0000017cda3a1800 ConcurrentGCThread "G1 Refine#2" [stack: 0x0000007032000000,0x0000007032100000] [id=8204]
  0x0000017cda3aa800 ConcurrentGCThread "G1 Refine#3" [stack: 0x0000007032100000,0x0000007032200000] [id=27196]
  0x0000017cda3b1800 ConcurrentGCThread "G1 Refine#4" [stack: 0x0000007032200000,0x0000007032300000] [id=9408]
  0x0000017cda3b3800 ConcurrentGCThread "G1 Refine#5" [stack: 0x0000007032300000,0x0000007032400000] [id=26296]
  0x0000017cda3b6000 ConcurrentGCThread "G1 Refine#6" [stack: 0x0000007032400000,0x0000007032500000] [id=24644]
  0x0000017cda3b7800 ConcurrentGCThread "G1 Refine#7" [stack: 0x0000007032500000,0x0000007032600000] [id=16392]
  0x0000017cda3b8000 ConcurrentGCThread "G1 Young RemSet Sampling" [stack: 0x0000007032600000,0x0000007032700000] [id=12956]

Threads with active compile tasks:

VM state:at safepoint (normal execution)

VM Mutex/Monitor currently owned by a thread:  ([mutex/lock_event])
[0x0000017cb6926c10] Threads_lock - owner thread: 0x0000017cda51f800

Heap address: 0x0000000081c00000, size: 2020 MB, Compressed Oops mode: 32-bit
Narrow klass base: 0x0000000000000000, Narrow klass shift: 3
Compressed class space size: 1073741824 Address: 0x0000000100000000

Heap:
 garbage-first heap   total 131072K, used 9411K [0x0000000081c00000, 0x0000000100000000)
  region size 1024K, 9 young (9216K), 6 survivors (6144K)
 Metaspace       used 21112K, capacity 21376K, committed 21808K, reserved 1069056K
  class space    used 2283K, capacity 2382K, committed 2432K, reserved 1048576K
Heap Regions: E=young(eden), S=young(survivor), O=old, HS=humongous(starts), HC=humongous(continues), CS=collection set, F=free, A=archive, TS=gc time stamp, AC=allocation context, TAMS=top-at-mark-start (previous, next)
|   0|0x0000000081c00000, 0x0000000081d00000, 0x0000000081d00000|100%| O|  |TS  0|AC  0|TAMS 0x0000000081d00000, 0x0000000081d00000|
|   1|0x0000000081d00000, 0x0000000081d45400, 0x0000000081e00000| 27%| O|  |TS  0|AC  0|TAMS 0x0000000081d45400, 0x0000000081d45400|
|   2|0x0000000081e00000, 0x0000000081e00000, 0x0000000081f00000|  0%| F|  |TS  0|AC  0|TAMS 0x0000000081e00000, 0x0000000081e00000|
|   3|0x0000000081f00000, 0x0000000081f00000, 0x0000000082000000|  0%| F|  |TS  0|AC  0|TAMS 0x0000000081f00000, 0x0000000081f00000|
|   4|0x0000000082000000, 0x0000000082000000, 0x0000000082100000|  0%| F|  |TS  0|AC  0|TAMS 0x0000000082000000, 0x0000000082000000|
|   5|0x0000000082100000, 0x0000000082100000, 0x0000000082200000|  0%| F|  |TS  0|AC  0|TAMS 0x0000000082100000, 0x0000000082100000|
|   6|0x0000000082200000, 0x0000000082200000, 0x0000000082300000|  0%| F|  |TS  0|AC  0|TAMS 0x0000000082200000, 0x0000000082200000|
|   7|0x0000000082300000, 0x0000000082300000, 0x0000000082400000|  0%| F|  |TS  0|AC  0|TAMS 0x0000000082300000, 0x0000000082300000|
|   8|0x0000000082400000, 0x0000000082400000, 0x0000000082500000|  0%| F|  |TS  0|AC  0|TAMS 0x0000000082400000, 0x0000000082400000|
|   9|0x0000000082500000, 0x0000000082500000, 0x0000000082600000|  0%| F|  |TS  0|AC  0|TAMS 0x0000000082500000, 0x0000000082500000|
|  10|0x0000000082600000, 0x0000000082600000, 0x0000000082700000|  0%| F|  |TS  0|AC  0|TAMS 0x0000000082600000, 0x0000000082600000|
|  11|0x0000000082700000, 0x0000000082700000, 0x0000000082800000|  0%| F|  |TS  0|AC  0|TAMS 0x0000000082700000, 0x0000000082700000|
|  12|0x0000000082800000, 0x0000000082800000, 0x0000000082900000|  0%| F|  |TS  0|AC  0|TAMS 0x0000000082800000, 0x0000000082800000|
|  13|0x0000000082900000, 0x0000000082900000, 0x0000000082a00000|  0%| F|  |TS  0|AC  0|TAMS 0x0000000082900000, 0x0000000082900000|
|  14|0x0000000082a00000, 0x0000000082a00000, 0x0000000082b00000|  0%| F|  |TS  0|AC  0|TAMS 0x0000000082a00000, 0x0000000082a00000|
|  15|0x0000000082b00000, 0x0000000082b00000, 0x0000000082c00000|  0%| F|  |TS  0|AC  0|TAMS 0x0000000082b00000, 0x0000000082b00000|
|  16|0x0000000082c00000, 0x0000000082c00000, 0x0000000082d00000|  0%| F|  |TS  0|AC  0|TAMS 0x0000000082c00000, 0x0000000082c00000|
|  17|0x0000000082d00000, 0x0000000082d00000, 0x0000000082e00000|  0%| F|  |TS  0|AC  0|TAMS 0x0000000082d00000, 0x0000000082d00000|
|  18|0x0000000082e00000, 0x0000000082e00000, 0x0000000082f00000|  0%| F|  |TS  0|AC  0|TAMS 0x0000000082e00000, 0x0000000082e00000|
|  19|0x0000000082f00000, 0x0000000082f00000, 0x0000000083000000|  0%| F|  |TS  0|AC  0|TAMS 0x0000000082f00000, 0x0000000082f00000|
|  20|0x0000000083000000, 0x0000000083000000, 0x0000000083100000|  0%| F|  |TS  0|AC  0|TAMS 0x0000000083000000, 0x0000000083000000|
|  21|0x0000000083100000, 0x0000000083100000, 0x0000000083200000|  0%| F|  |TS  0|AC  0|TAMS 0x0000000083100000, 0x0000000083100000|
|  22|0x0000000083200000, 0x0000000083200000, 0x0000000083300000|  0%| F|  |TS  0|AC  0|TAMS 0x0000000083200000, 0x0000000083200000|
|  23|0x0000000083300000, 0x0000000083300000, 0x0000000083400000|  0%| F|  |TS  0|AC  0|TAMS 0x0000000083300000, 0x0000000083300000|
|  24|0x0000000083400000, 0x0000000083400000, 0x0000000083500000|  0%| F|  |TS  0|AC  0|TAMS 0x0000000083400000, 0x0000000083400000|
|  25|0x0000000083500000, 0x0000000083500000, 0x0000000083600000|  0%| F|  |TS  0|AC  0|TAMS 0x0000000083500000, 0x0000000083500000|
|  26|0x0000000083600000, 0x0000000083600000, 0x0000000083700000|  0%| F|  |TS  0|AC  0|TAMS 0x0000000083600000, 0x0000000083600000|
|  27|0x0000000083700000, 0x0000000083700000, 0x0000000083800000|  0%| F|  |TS  0|AC  0|TAMS 0x0000000083700000, 0x0000000083700000|
|  28|0x0000000083800000, 0x0000000083800000, 0x0000000083900000|  0%| F|  |TS  0|AC  0|TAMS 0x0000000083800000, 0x0000000083800000|
|  29|0x0000000083900000, 0x0000000083900000, 0x0000000083a00000|  0%| F|  |TS  0|AC  0|TAMS 0x0000000083900000, 0x0000000083900000|
|  30|0x0000000083a00000, 0x0000000083a00000, 0x0000000083b00000|  0%| F|  |TS  0|AC  0|TAMS 0x0000000083a00000, 0x0000000083a00000|
|  31|0x0000000083b00000, 0x0000000083b00000, 0x0000000083c00000|  0%| F|  |TS  0|AC  0|TAMS 0x0000000083b00000, 0x0000000083b00000|
|  32|0x0000000083c00000, 0x0000000083c00000, 0x0000000083d00000|  0%| F|  |TS  0|AC  0|TAMS 0x0000000083c00000, 0x0000000083c00000|
|  33|0x0000000083d00000, 0x0000000083d00000, 0x0000000083e00000|  0%| F|  |TS  0|AC  0|TAMS 0x0000000083d00000, 0x0000000083d00000|
|  34|0x0000000083e00000, 0x0000000083e00000, 0x0000000083f00000|  0%| F|  |TS  0|AC  0|TAMS 0x0000000083e00000, 0x0000000083e00000|
|  35|0x0000000083f00000, 0x0000000083f00000, 0x0000000084000000|  0%| F|  |TS  0|AC  0|TAMS 0x0000000083f00000, 0x0000000083f00000|
|  36|0x0000000084000000, 0x0000000084000000, 0x0000000084100000|  0%| F|  |TS  0|AC  0|TAMS 0x0000000084000000, 0x0000000084000000|
|  37|0x0000000084100000, 0x0000000084100000, 0x0000000084200000|  0%| F|  |TS  0|AC  0|TAMS 0x0000000084100000, 0x0000000084100000|
|  38|0x0000000084200000, 0x0000000084200000, 0x0000000084300000|  0%| F|  |TS  0|AC  0|TAMS 0x0000000084200000, 0x0000000084200000|
|  39|0x0000000084300000, 0x0000000084300000, 0x0000000084400000|  0%| F|  |TS  0|AC  0|TAMS 0x0000000084300000, 0x0000000084300000|
|  40|0x0000000084400000, 0x0000000084400000, 0x0000000084500000|  0%| F|  |TS  0|AC  0|TAMS 0x0000000084400000, 0x0000000084400000|
|  41|0x0000000084500000, 0x0000000084500000, 0x0000000084600000|  0%| F|  |TS  0|AC  0|TAMS 0x0000000084500000, 0x0000000084500000|
|  42|0x0000000084600000, 0x0000000084600000, 0x0000000084700000|  0%| F|  |TS  0|AC  0|TAMS 0x0000000084600000, 0x0000000084600000|
|  43|0x0000000084700000, 0x0000000084700000, 0x0000000084800000|  0%| F|  |TS  0|AC  0|TAMS 0x0000000084700000, 0x0000000084700000|
|  44|0x0000000084800000, 0x0000000084800000, 0x0000000084900000|  0%| F|  |TS  0|AC  0|TAMS 0x0000000084800000, 0x0000000084800000|
|  45|0x0000000084900000, 0x0000000084900000, 0x0000000084a00000|  0%| F|  |TS  0|AC  0|TAMS 0x0000000084900000, 0x0000000084900000|
|  46|0x0000000084a00000, 0x0000000084a00000, 0x0000000084b00000|  0%| F|  |TS  0|AC  0|TAMS 0x0000000084a00000, 0x0000000084a00000|
|  47|0x0000000084b00000, 0x0000000084b00000, 0x0000000084c00000|  0%| F|  |TS  0|AC  0|TAMS 0x0000000084b00000, 0x0000000084b00000|
|  48|0x0000000084c00000, 0x0000000084c00000, 0x0000000084d00000|  0%| F|  |TS  0|AC  0|TAMS 0x0000000084c00000, 0x0000000084c00000|
|  49|0x0000000084d00000, 0x0000000084d00000, 0x0000000084e00000|  0%| F|  |TS  0|AC  0|TAMS 0x0000000084d00000, 0x0000000084d00000|
|  50|0x0000000084e00000, 0x0000000084e00000, 0x0000000084f00000|  0%| F|  |TS  0|AC  0|TAMS 0x0000000084e00000, 0x0000000084e00000|
|  51|0x0000000084f00000, 0x0000000084f00000, 0x0000000085000000|  0%| F|  |TS  0|AC  0|TAMS 0x0000000084f00000, 0x0000000084f00000|
|  52|0x0000000085000000, 0x0000000085000000, 0x0000000085100000|  0%| F|  |TS  0|AC  0|TAMS 0x0000000085000000, 0x0000000085000000|
|  53|0x0000000085100000, 0x0000000085100000, 0x0000000085200000|  0%| F|  |TS  0|AC  0|TAMS 0x0000000085100000, 0x0000000085100000|
|  54|0x0000000085200000, 0x0000000085200000, 0x0000000085300000|  0%| F|  |TS  0|AC  0|TAMS 0x0000000085200000, 0x0000000085200000|
|  55|0x0000000085300000, 0x0000000085300000, 0x0000000085400000|  0%| F|  |TS  0|AC  0|TAMS 0x0000000085300000, 0x0000000085300000|
|  56|0x0000000085400000, 0x0000000085400000, 0x0000000085500000|  0%| F|  |TS  0|AC  0|TAMS 0x0000000085400000, 0x0000000085400000|
|  57|0x0000000085500000, 0x0000000085500000, 0x0000000085600000|  0%| F|  |TS  0|AC  0|TAMS 0x0000000085500000, 0x0000000085500000|
|  58|0x0000000085600000, 0x0000000085600000, 0x0000000085700000|  0%| F|  |TS  0|AC  0|TAMS 0x0000000085600000, 0x0000000085600000|
|  59|0x0000000085700000, 0x0000000085700000, 0x0000000085800000|  0%| F|  |TS  0|AC  0|TAMS 0x0000000085700000, 0x0000000085700000|
|  60|0x0000000085800000, 0x0000000085800000, 0x0000000085900000|  0%| F|  |TS  0|AC  0|TAMS 0x0000000085800000, 0x0000000085800000|
|  61|0x0000000085900000, 0x0000000085900000, 0x0000000085a00000|  0%| F|  |TS  0|AC  0|TAMS 0x0000000085900000, 0x0000000085900000|
|  62|0x0000000085a00000, 0x0000000085a00000, 0x0000000085b00000|  0%| F|  |TS  0|AC  0|TAMS 0x0000000085a00000, 0x0000000085a00000|
|  63|0x0000000085b00000, 0x0000000085b00000, 0x0000000085c00000|  0%| F|  |TS  0|AC  0|TAMS 0x0000000085b00000, 0x0000000085b00000|
|  64|0x0000000085c00000, 0x0000000085c00000, 0x0000000085d00000|  0%| F|  |TS  0|AC  0|TAMS 0x0000000085c00000, 0x0000000085c00000|
|  65|0x0000000085d00000, 0x0000000085d00000, 0x0000000085e00000|  0%| F|  |TS  0|AC  0|TAMS 0x0000000085d00000, 0x0000000085d00000|
|  66|0x0000000085e00000, 0x0000000085e00000, 0x0000000085f00000|  0%| F|  |TS  0|AC  0|TAMS 0x0000000085e00000, 0x0000000085e00000|
|  67|0x0000000085f00000, 0x0000000085f00000, 0x0000000086000000|  0%| F|  |TS  0|AC  0|TAMS 0x0000000085f00000, 0x0000000085f00000|
|  68|0x0000000086000000, 0x0000000086000000, 0x0000000086100000|  0%| F|  |TS  0|AC  0|TAMS 0x0000000086000000, 0x0000000086000000|
|  69|0x0000000086100000, 0x0000000086100000, 0x0000000086200000|  0%| F|  |TS  0|AC  0|TAMS 0x0000000086100000, 0x0000000086100000|
|  70|0x0000000086200000, 0x0000000086200000, 0x0000000086300000|  0%| F|  |TS  0|AC  0|TAMS 0x0000000086200000, 0x0000000086200000|
|  71|0x0000000086300000, 0x0000000086300000, 0x0000000086400000|  0%| F|  |TS  0|AC  0|TAMS 0x0000000086300000, 0x0000000086300000|
|  72|0x0000000086400000, 0x0000000086400000, 0x0000000086500000|  0%| F|  |TS  0|AC  0|TAMS 0x0000000086400000, 0x0000000086400000|
|  73|0x0000000086500000, 0x0000000086500000, 0x0000000086600000|  0%| F|  |TS  0|AC  0|TAMS 0x0000000086500000, 0x0000000086500000|
|  74|0x0000000086600000, 0x0000000086600000, 0x0000000086700000|  0%| F|  |TS  0|AC  0|TAMS 0x0000000086600000, 0x0000000086600000|
|  75|0x0000000086700000, 0x0000000086700000, 0x0000000086800000|  0%| F|  |TS  0|AC  0|TAMS 0x0000000086700000, 0x0000000086700000|
|  76|0x0000000086800000, 0x0000000086800000, 0x0000000086900000|  0%| F|  |TS  0|AC  0|TAMS 0x0000000086800000, 0x0000000086800000|
|  77|0x0000000086900000, 0x0000000086900000, 0x0000000086a00000|  0%| F|  |TS  0|AC  0|TAMS 0x0000000086900000, 0x0000000086900000|
|  78|0x0000000086a00000, 0x0000000086a00000, 0x0000000086b00000|  0%| F|  |TS  0|AC  0|TAMS 0x0000000086a00000, 0x0000000086a00000|
|  79|0x0000000086b00000, 0x0000000086b00000, 0x0000000086c00000|  0%| F|  |TS  0|AC  0|TAMS 0x0000000086b00000, 0x0000000086b00000|
|  80|0x0000000086c00000, 0x0000000086c00000, 0x0000000086d00000|  0%| F|  |TS  0|AC  0|TAMS 0x0000000086c00000, 0x0000000086c00000|
|  81|0x0000000086d00000, 0x0000000086d00000, 0x0000000086e00000|  0%| F|  |TS  0|AC  0|TAMS 0x0000000086d00000, 0x0000000086d00000|
|  82|0x0000000086e00000, 0x0000000086e00000, 0x0000000086f00000|  0%| F|  |TS  0|AC  0|TAMS 0x0000000086e00000, 0x0000000086e00000|
|  83|0x0000000086f00000, 0x0000000086f00000, 0x0000000087000000|  0%| F|  |TS  0|AC  0|TAMS 0x0000000086f00000, 0x0000000086f00000|
|  84|0x0000000087000000, 0x0000000087000000, 0x0000000087100000|  0%| F|  |TS  0|AC  0|TAMS 0x0000000087000000, 0x0000000087000000|
|  85|0x0000000087100000, 0x0000000087100000, 0x0000000087200000|  0%| F|  |TS  0|AC  0|TAMS 0x0000000087100000, 0x0000000087100000|
|  86|0x0000000087200000, 0x0000000087200000, 0x0000000087300000|  0%| F|  |TS  0|AC  0|TAMS 0x0000000087200000, 0x0000000087200000|
|  87|0x0000000087300000, 0x0000000087300000, 0x0000000087400000|  0%| F|  |TS  0|AC  0|TAMS 0x0000000087300000, 0x0000000087300000|
|  88|0x0000000087400000, 0x0000000087400000, 0x0000000087500000|  0%| F|  |TS  0|AC  0|TAMS 0x0000000087400000, 0x0000000087400000|
|  89|0x0000000087500000, 0x0000000087500000, 0x0000000087600000|  0%| F|  |TS  0|AC  0|TAMS 0x0000000087500000, 0x0000000087500000|
|  90|0x0000000087600000, 0x0000000087600000, 0x0000000087700000|  0%| F|  |TS  0|AC  0|TAMS 0x0000000087600000, 0x0000000087600000|
|  91|0x0000000087700000, 0x0000000087700000, 0x0000000087800000|  0%| F|  |TS  0|AC  0|TAMS 0x0000000087700000, 0x0000000087700000|
|  92|0x0000000087800000, 0x0000000087800000, 0x0000000087900000|  0%| F|  |TS  0|AC  0|TAMS 0x0000000087800000, 0x0000000087800000|
|  93|0x0000000087900000, 0x0000000087900000, 0x0000000087a00000|  0%| F|  |TS  0|AC  0|TAMS 0x0000000087900000, 0x0000000087900000|
|  94|0x0000000087a00000, 0x0000000087a00000, 0x0000000087b00000|  0%| F|  |TS  0|AC  0|TAMS 0x0000000087a00000, 0x0000000087a00000|
|  95|0x0000000087b00000, 0x0000000087b00000, 0x0000000087c00000|  0%| F|  |TS  0|AC  0|TAMS 0x0000000087b00000, 0x0000000087b00000|
|  96|0x0000000087c00000, 0x0000000087ceb820, 0x0000000087d00000| 91%| S|CS|TS  0|AC  0|TAMS 0x0000000087c00000, 0x0000000087c00000|
|  97|0x0000000087d00000, 0x0000000087e00000, 0x0000000087e00000|100%| S|CS|TS  0|AC  0|TAMS 0x0000000087d00000, 0x0000000087d00000|
|  98|0x0000000087e00000, 0x0000000087f00000, 0x0000000087f00000|100%| S|CS|TS  0|AC  0|TAMS 0x0000000087e00000, 0x0000000087e00000|
|  99|0x0000000087f00000, 0x0000000088000000, 0x0000000088000000|100%| S|CS|TS  0|AC  0|TAMS 0x0000000087f00000, 0x0000000087f00000|
| 100|0x0000000088000000, 0x0000000088100000, 0x0000000088100000|100%| S|CS|TS  0|AC  0|TAMS 0x0000000088000000, 0x0000000088000000|
| 101|0x0000000088100000, 0x0000000088100000, 0x0000000088200000|  0%| F|  |TS  0|AC  0|TAMS 0x0000000088100000, 0x0000000088100000|
| 102|0x0000000088200000, 0x0000000088200000, 0x0000000088300000|  0%| F|  |TS  0|AC  0|TAMS 0x0000000088200000, 0x0000000088200000|
| 103|0x0000000088300000, 0x0000000088300000, 0x0000000088400000|  0%| F|  |TS  0|AC  0|TAMS 0x0000000088300000, 0x0000000088300000|
| 104|0x0000000088400000, 0x0000000088500000, 0x0000000088500000|100%| S|CS|TS  0|AC  0|TAMS 0x0000000088400000, 0x0000000088400000|
| 105|0x0000000088500000, 0x0000000088500000, 0x0000000088600000|  0%| F|  |TS  0|AC  0|TAMS 0x0000000088500000, 0x0000000088500000|
| 106|0x0000000088600000, 0x0000000088600000, 0x0000000088700000|  0%| F|  |TS  0|AC  0|TAMS 0x0000000088600000, 0x0000000088600000|
| 107|0x0000000088700000, 0x0000000088700000, 0x0000000088800000|  0%| F|  |TS  0|AC  0|TAMS 0x0000000088700000, 0x0000000088700000|
| 108|0x0000000088800000, 0x0000000088800000, 0x0000000088900000|  0%| F|  |TS  0|AC  0|TAMS 0x0000000088800000, 0x0000000088800000|
| 109|0x0000000088900000, 0x0000000088900000, 0x0000000088a00000|  0%| F|  |TS  0|AC  0|TAMS 0x0000000088900000, 0x0000000088900000|
| 110|0x0000000088a00000, 0x0000000088a00000, 0x0000000088b00000|  0%| F|  |TS  0|AC  0|TAMS 0x0000000088a00000, 0x0000000088a00000|
| 111|0x0000000088b00000, 0x0000000088b00000, 0x0000000088c00000|  0%| F|  |TS  0|AC  0|TAMS 0x0000000088b00000, 0x0000000088b00000|
| 112|0x0000000088c00000, 0x0000000088c00000, 0x0000000088d00000|  0%| F|  |TS  0|AC  0|TAMS 0x0000000088c00000, 0x0000000088c00000|
| 113|0x0000000088d00000, 0x0000000088d00000, 0x0000000088e00000|  0%| F|  |TS  0|AC  0|TAMS 0x0000000088d00000, 0x0000000088d00000|
| 114|0x0000000088e00000, 0x0000000088e00000, 0x0000000088f00000|  0%| F|  |TS  0|AC  0|TAMS 0x0000000088e00000, 0x0000000088e00000|
| 115|0x0000000088f00000, 0x0000000088f00000, 0x0000000089000000|  0%| F|  |TS  0|AC  0|TAMS 0x0000000088f00000, 0x0000000088f00000|
| 116|0x0000000089000000, 0x0000000089000000, 0x0000000089100000|  0%| F|  |TS  0|AC  0|TAMS 0x0000000089000000, 0x0000000089000000|
| 117|0x0000000089100000, 0x0000000089100000, 0x0000000089200000|  0%| F|  |TS  0|AC  0|TAMS 0x0000000089100000, 0x0000000089100000|
| 118|0x0000000089200000, 0x0000000089200000, 0x0000000089300000|  0%| F|  |TS  0|AC  0|TAMS 0x0000000089200000, 0x0000000089200000|
| 119|0x0000000089300000, 0x0000000089300000, 0x0000000089400000|  0%| F|  |TS  0|AC  0|TAMS 0x0000000089300000, 0x0000000089300000|
| 120|0x0000000089400000, 0x0000000089400000, 0x0000000089500000|  0%| F|  |TS  0|AC  0|TAMS 0x0000000089400000, 0x0000000089400000|
| 121|0x0000000089500000, 0x0000000089500000, 0x0000000089600000|  0%| F|  |TS  0|AC  0|TAMS 0x0000000089500000, 0x0000000089500000|
| 122|0x0000000089600000, 0x0000000089600000, 0x0000000089700000|  0%| F|  |TS  0|AC  0|TAMS 0x0000000089600000, 0x0000000089600000|
| 123|0x0000000089700000, 0x0000000089700000, 0x0000000089800000|  0%| F|  |TS  0|AC  0|TAMS 0x0000000089700000, 0x0000000089700000|
| 124|0x0000000089800000, 0x0000000089800000, 0x0000000089900000|  0%| F|  |TS  0|AC  0|TAMS 0x0000000089800000, 0x0000000089800000|
| 125|0x0000000089900000, 0x00000000899de608, 0x0000000089a00000| 86%| E|  |TS  0|AC  0|TAMS 0x0000000089900000, 0x0000000089900000|
| 126|0x0000000089a00000, 0x0000000089b00000, 0x0000000089b00000|100%| E|CS|TS  0|AC  0|TAMS 0x0000000089a00000, 0x0000000089a00000|
| 127|0x0000000089b00000, 0x0000000089c00000, 0x0000000089c00000|100%| E|CS|TS  0|AC  0|TAMS 0x0000000089b00000, 0x0000000089b00000|

Card table byte_map: [0x0000017cd3340000,0x0000017cd3740000] byte_map_base: 0x0000017cd2f32000

Marking Bits (Prev, Next): (CMBitMap*) 0x0000017cb69c0608, (CMBitMap*) 0x0000017cb69c05d0
 Prev Bits: [0x0000017cd5ad0000, 0x0000017cd7a60000)
 Next Bits: [0x0000017cd3b40000, 0x0000017cd5ad0000)

Polling page: 0x0000017cb67e0000

CodeHeap 'non-profiled nmethods': size=120000Kb used=395Kb max_used=423Kb free=119604Kb
 bounds [0x0000017ccafa0000, 0x0000017ccb210000, 0x0000017cd24d0000]
CodeHeap 'profiled nmethods': size=120000Kb used=1759Kb max_used=1964Kb free=118240Kb
 bounds [0x0000017cc3a70000, 0x0000017cc3ce0000, 0x0000017ccafa0000]
CodeHeap 'non-nmethods': size=5760Kb used=1207Kb max_used=1218Kb free=4553Kb
 bounds [0x0000017cc34d0000, 0x0000017cc3740000, 0x0000017cc3a70000]
 total_blobs=1840 nmethods=1013 adapters=370
 compilation: enabled

Compilation events (10 events):
Event: 21.422 Thread 0x0000017cdaecc000 1129       3       java.lang.CharacterDataLatin1::digit (91 bytes)
Event: 21.422 Thread 0x0000017cdaecc000 nmethod 1129 0x0000017cc3aa1e10 code [0x0000017cc3aa1fe0, 0x0000017cc3aa2378]
Event: 21.422 Thread 0x0000017cdaecc000 1125  s    3       java.io.BufferedInputStream::read (49 bytes)
Event: 21.422 Thread 0x0000017cdaecc000 nmethod 1125 0x0000017cc3aa1510 code [0x0000017cc3aa1700, 0x0000017cc3aa1ca0]
Event: 26.279 Thread 0x0000017cdaecc000 1140   !   3       java.lang.ref.ReferenceQueue::enqueue (119 bytes)
Event: 26.279 Thread 0x0000017cdaecc000 nmethod 1140 0x0000017cc3aa5d10 code [0x0000017cc3aa5f20, 0x0000017cc3aa6750]
Event: 81.427 Thread 0x0000017cdaecc000 1141       3       java.lang.ref.ReferenceQueue::reallyPoll (65 bytes)
Event: 81.429 Thread 0x0000017cdaecc000 nmethod 1141 0x0000017cc3aa5490 code [0x0000017cc3aa5680, 0x0000017cc3aa5bf8]
Event: 81.431 Thread 0x0000017cda545800 1142       4       java.util.concurrent.ConcurrentHashMap::addCount (289 bytes)
Event: 81.664 Thread 0x0000017cda545800 nmethod 1142 0x0000017ccafee210 code [0x0000017ccafee3e0, 0x0000017ccafee708]

GC Heap History (4 events):
Event: 12.159 GC heap before
{Heap before GC invocations=0 (full 0):
 garbage-first heap   total 131072K, used 24576K [0x0000000081c00000, 0x0000000100000000)
  region size 1024K, 24 young (24576K), 0 survivors (0K)
 Metaspace       used 14669K, capacity 14960K, committed 15232K, reserved 1062912K
  class space    used 1469K, capacity 1544K, committed 1664K, reserved 1048576K
}
Event: 12.163 GC heap after
{Heap after GC invocations=1 (full 0):
 garbage-first heap   total 131072K, used 4373K [0x0000000081c00000, 0x0000000100000000)
  region size 1024K, 3 young (3072K), 3 survivors (3072K)
 Metaspace       used 14669K, capacity 14960K, committed 15232K, reserved 1062912K
  class space    used 1469K, capacity 1544K, committed 1664K, reserved 1048576K
}
Event: 26.272 GC heap before
{Heap before GC invocations=1 (full 0):
 garbage-first heap   total 131072K, used 26901K [0x0000000081c00000, 0x0000000100000000)
  region size 1024K, 26 young (26624K), 3 survivors (3072K)
 Metaspace       used 20776K, capacity 21024K, committed 21296K, reserved 1069056K
  class space    used 2239K, capacity 2350K, committed 2432K, reserved 1048576K
}
Event: 26.278 GC heap after
{Heap after GC invocations=2 (full 0):
 garbage-first heap   total 131072K, used 7363K [0x0000000081c00000, 0x0000000100000000)
  region size 1024K, 6 young (6144K), 6 survivors (6144K)
 Metaspace       used 20776K, capacity 21024K, committed 21296K, reserved 1069056K
  class space    used 2239K, capacity 2350K, committed 2432K, reserved 1048576K
}

Deoptimization events (6 events):
Event: 0.782 Thread 0x0000017cb6928800 Uncommon trap: reason=unstable_if action=reinterpret pc=0x0000017ccafa4028 method=java.lang.String.hashCode()I @ 14 c2
Event: 0.787 Thread 0x0000017cb6928800 Uncommon trap: reason=unstable_if action=reinterpret pc=0x0000017ccafa2074 method=java.lang.String.isLatin1()Z @ 10 c2
Event: 0.948 Thread 0x0000017cb6928800 Uncommon trap: reason=unstable_if action=reinterpret pc=0x0000017ccafc3880 method=java.io.WinNTFileSystem.isSlash(C)Z @ 9 c2
Event: 1.190 Thread 0x0000017cb6928800 Uncommon trap: reason=unstable_if action=reinterpret pc=0x0000017ccafbb4b4 method=java.lang.String.startsWith(Ljava/lang/String;I)Z @ 1 c2
Event: 1.456 Thread 0x0000017cb6928800 Uncommon trap: reason=unstable_if action=reinterpret pc=0x0000017ccafe8e54 method=java.io.WinNTFileSystem.normalize(Ljava/lang/String;)Ljava/lang/String; @ 128 c2
Event: 21.331 Thread 0x0000017cdbe0e000 Uncommon trap: reason=unstable_if action=reinterpret pc=0x0000017ccb005670 method=java.lang.String.replace(CC)Ljava/lang/String; @ 2 c2

Classes redefined (6 events):
Event: 271.048 Thread 0x0000017cda51f800 redefined class name=testCaseClasses.TestNGAnnotation, count=1
Event: 301.730 Thread 0x0000017cda51f800 redefined class name=testCaseClasses.TestNGAnnotation, count=2
Event: 388.595 Thread 0x0000017cda51f800 redefined class name=testCaseClasses.TestNGAnnotation, count=3
Event: 906.233 Thread 0x0000017cda51f800 redefined class name=testCaseClasses.TestNGAnnotation, count=4
Event: 962.710 Thread 0x0000017cda51f800 redefined class name=testCaseClasses.TestNGAnnotation, count=5
Event: 1104.908 Thread 0x0000017cda51f800 redefined class name=testCaseClasses.TestNGAnnotation, count=6

Internal exceptions (10 events):
Event: 14.312 Thread 0x0000017cb6928800 Exception <a 'java/lang/NoSuchMethodError'{0x000000008995a3d0}: java.lang.Object.lambda$negate$3(I)Z> (0x000000008995a3d0) thrown at [t:/workspace/open/src/hotspot/share/interpreter/linkResolver.cpp, line 741]
Event: 21.340 Thread 0x0000017cdbe0e000 Exception <a 'java/lang/NoSuchMethodError'{0x0000000088e13868}: java.lang.invoke.DirectMethodHandle$Holder.invokeStatic(Ljava/lang/Object;J)V> (0x0000000088e13868) thrown at [t:/workspace/open/src/hotspot/share/interpreter/linkResolver.cpp, line 741]
Event: 21.342 Thread 0x0000017cdbe0e000 Exception <a 'java/lang/NoSuchMethodError'{0x0000000088e188b8}: java.lang.invoke.DirectMethodHandle$Holder.invokeStatic(Ljava/lang/Object;J)Ljava/lang/Object;> (0x0000000088e188b8) thrown at [t:/workspace/open/src/hotspot/share/interpreter/linkResolver.cp
Event: 21.343 Thread 0x0000017cdbe0e000 Exception <a 'java/lang/NoSuchMethodError'{0x0000000088e1bd80}: method resolution failed> (0x0000000088e1bd80) thrown at [t:/workspace/open/src/hotspot/share/prims/methodHandles.cpp, line 1226]
Event: 21.346 Thread 0x0000017cdbe0e000 Exception <a 'java/lang/NoSuchMethodError'{0x0000000088e23f50}: method resolution failed> (0x0000000088e23f50) thrown at [t:/workspace/open/src/hotspot/share/prims/methodHandles.cpp, line 1226]
Event: 21.348 Thread 0x0000017cdbe0e000 Exception <a 'java/lang/NoSuchMethodError'{0x0000000088e27380}: java.lang.invoke.DirectMethodHandle$Holder.invokeStaticInit(Ljava/lang/Object;Ljava/lang/Object;JLjava/lang/Object;)Ljava/lang/Object;> (0x0000000088e27380) thrown at [t:/workspace/open/src/h
Event: 21.350 Thread 0x0000017cdbe0e000 Exception <a 'java/lang/NoSuchMethodError'{0x0000000088e2d050}: java.lang.invoke.DirectMethodHandle$Holder.invokeStatic(Ljava/lang/Object;Ljava/lang/Object;J)Ljava/lang/Object;> (0x0000000088e2d050) thrown at [t:/workspace/open/src/hotspot/share/interpret
Event: 21.351 Thread 0x0000017cdbe0e000 Exception <a 'java/lang/NoSuchMethodError'{0x0000000088e30630}: method resolution failed> (0x0000000088e30630) thrown at [t:/workspace/open/src/hotspot/share/prims/methodHandles.cpp, line 1226]
Event: 23.784 Thread 0x0000017cb6928800 Exception <a 'java/lang/ClassNotFoundException'{0x0000000088af4df8}: sun/util/logging/resources/spi/loggingProvider> (0x0000000088af4df8) thrown at [t:/workspace/open/src/hotspot/share/classfile/systemDictionary.cpp, line 233]
Event: 27.307 Thread 0x0000017cb6928800 Exception <a 'java/net/SocketTimeoutException'{0x0000000089a027a8}: Read timed out> (0x0000000089a027a8) thrown at [t:/workspace/open/src/hotspot/share/prims/jni.cpp, line 632]

Events (10 events):
Event: 1178.297 Executing VM operation: GetFrameLocation done
Event: 1178.297 Executing VM operation: GetFrameLocation
Event: 1178.297 Executing VM operation: GetFrameLocation done
Event: 1178.297 Executing VM operation: GetFrameLocation
Event: 1178.297 Executing VM operation: GetFrameLocation done
Event: 1178.297 Executing VM operation: GetFrameLocation
Event: 1178.297 Executing VM operation: GetFrameLocation done
Event: 1178.321 Executing VM operation: GetFrameLocation
Event: 1178.321 Executing VM operation: GetFrameLocation done
Event: 1178.321 Executing VM operation: GetOrSetLocal


Dynamic libraries:
0x00007ff6819f0000 - 0x00007ff681a2e000 	C:\Program Files\Java\jdk-10.0.1\bin\javaw.exe
0x00007ff87bd10000 - 0x00007ff87bf05000 	C:\WINDOWS\SYSTEM32\ntdll.dll
0x00007ff87a950000 - 0x00007ff87aa0d000 	C:\WINDOWS\System32\KERNEL32.DLL
0x00007ff879500000 - 0x00007ff8797c8000 	C:\WINDOWS\System32\KERNELBASE.dll
0x00007ff87ad70000 - 0x00007ff87ae1c000 	C:\WINDOWS\System32\ADVAPI32.dll
0x00007ff879ee0000 - 0x00007ff879f7e000 	C:\WINDOWS\System32\msvcrt.dll
0x00007ff879d90000 - 0x00007ff879e2b000 	C:\WINDOWS\System32\sechost.dll
0x00007ff87bba0000 - 0x00007ff87bccb000 	C:\WINDOWS\System32\RPCRT4.dll
0x00007ff87ae30000 - 0x00007ff87afd0000 	C:\WINDOWS\System32\USER32.dll
0x00007ff879b10000 - 0x00007ff879b32000 	C:\WINDOWS\System32\win32u.dll
0x00007ff87b7b0000 - 0x00007ff87b7da000 	C:\WINDOWS\System32\GDI32.dll
0x00007ff879c60000 - 0x00007ff879d6b000 	C:\WINDOWS\System32\gdi32full.dll
0x00007ff879bc0000 - 0x00007ff879c5d000 	C:\WINDOWS\System32\msvcp_win.dll
0x00007ff8797d0000 - 0x00007ff8798d0000 	C:\WINDOWS\System32\ucrtbase.dll
0x00007ff865ac0000 - 0x00007ff865aca000 	C:\WINDOWS\SYSTEM32\VERSION.dll
0x00007ff863320000 - 0x00007ff8635ba000 	C:\WINDOWS\WinSxS\amd64_microsoft.windows.common-controls_6595b64144ccf1df_6.0.19041.844_none_ca00b6081b84eb1d\COMCTL32.dll
0x00007ff87b610000 - 0x00007ff87b640000 	C:\WINDOWS\System32\IMM32.DLL
0x00007ff832f50000 - 0x00007ff83303f000 	C:\Program Files\Java\jdk-10.0.1\bin\msvcr120.dll
0x00007ff833770000 - 0x00007ff833816000 	C:\Program Files\Java\jdk-10.0.1\bin\msvcp120.dll
0x0000000062520000 - 0x0000000062f90000 	C:\Program Files\Java\jdk-10.0.1\bin\server\jvm.dll
0x00007ff87bb90000 - 0x00007ff87bb98000 	C:\WINDOWS\System32\PSAPI.DLL
0x00007ff869bd0000 - 0x00007ff869bf7000 	C:\WINDOWS\SYSTEM32\WINMM.dll
0x00007ff866b50000 - 0x00007ff866b59000 	C:\WINDOWS\SYSTEM32\WSOCK32.dll
0x00007ff87b860000 - 0x00007ff87b8cb000 	C:\WINDOWS\System32\WS2_32.dll
0x00007ff874410000 - 0x00007ff87441f000 	C:\Program Files\Java\jdk-10.0.1\bin\verify.dll
0x00007ff877270000 - 0x00007ff877454000 	C:\WINDOWS\SYSTEM32\DBGHELP.DLL
0x00007ff864de0000 - 0x00007ff864e0c000 	C:\WINDOWS\SYSTEM32\dbgcore.DLL
0x00007ff879a90000 - 0x00007ff879b10000 	C:\WINDOWS\System32\bcryptPrimitives.dll
0x00007ff85c0e0000 - 0x00007ff85c107000 	C:\Program Files\Java\jdk-10.0.1\bin\java.dll
0x00007ff835400000 - 0x00007ff835436000 	C:\Program Files\Java\jdk-10.0.1\bin\jdwp.dll
0x00007ff872460000 - 0x00007ff872476000 	C:\Program Files\Java\jdk-10.0.1\bin\zip.dll
0x00007ff8737d0000 - 0x00007ff8737da000 	C:\Program Files\Java\jdk-10.0.1\bin\jimage.dll
0x00007ff87a200000 - 0x00007ff87a942000 	C:\WINDOWS\System32\SHELL32.dll
0x00007ff877560000 - 0x00007ff877cf0000 	C:\WINDOWS\SYSTEM32\windows.storage.dll
0x00007ff87aa10000 - 0x00007ff87ad65000 	C:\WINDOWS\System32\combase.dll
0x00007ff878ec0000 - 0x00007ff878eec000 	C:\WINDOWS\SYSTEM32\Wldp.dll
0x00007ff87b6a0000 - 0x00007ff87b74e000 	C:\WINDOWS\System32\SHCORE.dll
0x00007ff87b640000 - 0x00007ff87b695000 	C:\WINDOWS\System32\shlwapi.dll
0x00007ff879390000 - 0x00007ff8793af000 	C:\WINDOWS\SYSTEM32\profapi.dll
0x00007ff873060000 - 0x00007ff87306a000 	C:\Program Files\Java\jdk-10.0.1\bin\dt_socket.dll
0x00007ff878c30000 - 0x00007ff878c9a000 	C:\WINDOWS\System32\mswsock.dll
0x00007ff878920000 - 0x00007ff8789ec000 	C:\WINDOWS\SYSTEM32\DNSAPI.dll
0x00007ff8788d0000 - 0x00007ff87890b000 	C:\WINDOWS\SYSTEM32\IPHLPAPI.DLL
0x00007ff87b9f0000 - 0x00007ff87b9f8000 	C:\WINDOWS\System32\NSI.dll
0x00007ff869da0000 - 0x00007ff869e1f000 	C:\WINDOWS\System32\fwpuclnt.dll
0x00007ff879b90000 - 0x00007ff879bb7000 	C:\WINDOWS\System32\bcrypt.dll
0x00007ff8699b0000 - 0x00007ff8699ba000 	C:\Windows\System32\rasadhlp.dll
0x00007ff85ccc0000 - 0x00007ff85ccda000 	C:\Program Files\Java\jdk-10.0.1\bin\net.dll
0x00007ff86a010000 - 0x00007ff86a11b000 	C:\WINDOWS\SYSTEM32\WINHTTP.dll
0x00007ff85c0c0000 - 0x00007ff85c0d1000 	C:\Program Files\Java\jdk-10.0.1\bin\nio.dll
0x00007ff878e10000 - 0x00007ff878e28000 	C:\WINDOWS\SYSTEM32\CRYPTSP.dll
0x00007ff878560000 - 0x00007ff878594000 	C:\WINDOWS\system32\rsaenh.dll
0x00007ff879350000 - 0x00007ff87937e000 	C:\WINDOWS\SYSTEM32\USERENV.dll
0x00007ff878e00000 - 0x00007ff878e0c000 	C:\WINDOWS\SYSTEM32\CRYPTBASE.dll
0x00007ff876b50000 - 0x00007ff876b67000 	C:\WINDOWS\SYSTEM32\dhcpcsvc6.DLL
0x00007ff876b30000 - 0x00007ff876b4d000 	C:\WINDOWS\SYSTEM32\dhcpcsvc.DLL
0x00007ff8728c0000 - 0x00007ff8728cb000 	C:\Program Files\Java\jdk-10.0.1\bin\sunmscapi.dll
0x00007ff8798d0000 - 0x00007ff879a2f000 	C:\WINDOWS\System32\CRYPT32.dll
0x00007ff8574d0000 - 0x00007ff8574f3000 	C:\Program Files\Java\jdk-10.0.1\bin\sunec.dll

dbghelp: loaded successfully - version: 4.0.5 - missing functions: none
symbol engine: initialized successfully - sym options: 0x614 - pdb path: .;C:\Program Files\Java\jdk-10.0.1\bin;C:\WINDOWS\SYSTEM32;C:\WINDOWS\WinSxS\amd64_microsoft.windows.common-controls_6595b64144ccf1df_6.0.19041.844_none_ca00b6081b84eb1d;C:\Program Files\Java\jdk-10.0.1\bin\server

VM Arguments:
jvm_args: -agentlib:jdwp=transport=dt_socket,suspend=y,address=localhost:59037 -ea -Dfile.encoding=Cp1252 
java_command: org.testng.remote.RemoteTestNG -serport 59036 -protocol json -d E:\Eclipse\com.SeleniumLearning\test-output C:\Users\abhik\AppData\Local\Temp\testng-eclipse-146380904\testng-customsuite.xml
java_class_path (initial): D:\eclipse-committers-oxygen-3a-win32-x86_64\eclipse\configuration\org.eclipse.osgi\571\0\.cp\lib\testng-remote.jar;E:\Eclipse\com.SeleniumLearning\target\test-classes;E:\Eclipse\com.SeleniumLearning\target\classes;C:\Users\abhik\.m2\repository\com\aventstack\extentreports\3.0.0\extentreports-3.0.0.jar;C:\Users\abhik\.m2\repository\org\freemarker\freemarker\2.3.23\freemarker-2.3.23.jar;C:\Users\abhik\.m2\repository\org\mongodb\mongodb-driver\3.3.0\mongodb-driver-3.3.0.jar;C:\Users\abhik\.m2\repository\org\mongodb\bson\3.3.0\bson-3.3.0.jar;C:\Users\abhik\.m2\repository\org\mongodb\mongodb-driver-core\3.3.0\mongodb-driver-core-3.3.0.jar;C:\Users\abhik\.m2\repository\org\apache\httpcomponents\httpclient\4.5.2\httpclient-4.5.2.jar;C:\Users\abhik\.m2\repository\org\apache\httpcomponents\httpcore\4.4.4\httpcore-4.4.4.jar;C:\Users\abhik\.m2\repository\commons-logging\commons-logging\1.2\commons-logging-1.2.jar;C:\Users\abhik\.m2\repository\commons-codec\commons-codec\1.9\commons-codec-1.9.jar;C:\Users\abhik\.m2\repository\org\apache\httpcomponents\httpmime\4.5.2\httpmime-4.5.2.jar;C:\Users\abhik\.m2\repository\org\testng\testng\6.14.3\testng-6.14.3.jar;C:\Users\abhik\.m2\repository\com\beust\jcommander\1.72\jcommander-1.72.jar;C:\Users\abhik\.m2\repository\org\apache-extras\beanshell\bsh\2.0b6\bsh-2.0b6.jar;C:\Users\abhik\.m2\repository\org\seleniumhq\selenium\selenium-java\3.0.1\selenium-java-3.0.1.jar;C:\Users\abhik\.m2\repository\org\seleniumhq\selenium\selenium-chrome-driver\3.0.1\selenium-chrome-driver-3.0.1.jar;C:\Users\abhik\.m2\repository\org\seleniumhq\selenium\selenium-remote-driver\3.0.1\selenium-remote-driver-3.0.1.jar;C:\Users\abhik\.m2\repository\org\seleniumhq\selenium\selenium-api\3.0.1\selenium-api-3.0.1.jar;C:\Users\abhik\.m2\repository\cglib\cglib-nodep\3.2.4\cglib-nodep-3.2.4.jar;C:\Users\abhik\.m2\repository\org\apache\commons\commons-exec\1.3\commons-exec-1.3.jar;C:\Users\abhik\.m2\repository\com\google\code\gson\gson\2.3.
Launcher Type: SUN_STANDARD

Logging:
Log output configuration:
#0: stdout all=warning uptime,level,tags
#1: stderr all=off uptime,level,tags

Environment Variables:
JAVA_HOME=C:\Program Files\Java\jdk1.8.0_191
PATH=C:/Program Files/Java/jre1.8.0_241/bin/server;C:/Program Files/Java/jre1.8.0_241/bin;C:/Program Files/Java/jre1.8.0_241/lib/amd64;C:\Python27\;C:\Python27\Scripts;C:\Program Files (x86)\Common Files\Oracle\Java\javapath;C:\Program Files (x86)\Intel\iCLS Client\;C:\Program Files\Intel\iCLS Client\;C:\WINDOWS\system32;C:\WINDOWS;C:\WINDOWS\System32\Wbem;C:\WINDOWS\System32\WindowsPowerShell\v1.0\;C:\Program Files (x86)\Intel\Intel(R) Management Engine Components\DAL;C:\Program Files\Intel\Intel(R) Management Engine Components\DAL;C:\Program Files (x86)\Intel\Intel(R) Management Engine Components\IPT;C:\Program Files\Intel\Intel(R) Management Engine Components\IPT;C:\Program Files\Java\jdk-11.0.1\bin;C:\WINDOWS\System32\OpenSSH\;C:\Program Files\apache-maven-3.6.1\bin;C:\Program Files\Java\jdk1.8.0_191\bin;C:\Program Files\apache-maven-3.6.1\bin;C:\Users\abhik\AppData\Roaming\Microsoft\Windows\Start Menu\Programs\Python 3.7;C:\Python\Python37;C:\Python\Python37\Scripts;C:\Program Files\Intel\WiFi\bin\;C:\Program Files\Common Files\Intel\WirelessCommon\;C:\bin;D:\Shell SCript;C:\ProgramData\chocolatey\bin;C:\Program Files\Git\cmd;C:\Program Files\Git\mingw64\bin;C:\Program Files\Git\usr\bin;C:\Program Files\nodejs\;C:\Users\abhik\AppData\Local\Programs\Python\Python36\Scripts\;C:\Users\abhik\AppData\Local\Programs\Python\Python36\;C:\Users\abhik\AppData\Local\Microsoft\WindowsApps;C:\src\flutter\bin;C:\Users\abhik\AppData\Roaming\npm;C:\Users\abhik\AppData\Local\Programs\Microsoft VS Code\bin;D:\eclipse-committers-oxygen-3a-win32-x86_64\eclipse;
USERNAME=abhik
OS=Windows_NT
PROCESSOR_IDENTIFIER=Intel64 Family 6 Model 142 Stepping 10, GenuineIntel



---------------  S Y S T E M  ---------------

OS: Windows 10 , 64 bit Build 19041 (10.0.19041.928)

CPU:total 8 (initial active 8) (4 cores per cpu, 2 threads per core) family 6 model 142 stepping 10, cmov, cx8, fxsr, mmx, sse, sse2, sse3, ssse3, sse4.1, sse4.2, popcnt, avx, avx2, aes, clmul, erms, 3dnowpref, lzcnt, ht, tsc, tscinvbit, bmi1, bmi2, adx, fma

Memory: 4k page, physical 8272100k(931760k free), swap 20368516k(3053608k free)

vm_info: Java HotSpot(TM) 64-Bit Server VM (10.0.1+10) for windows-amd64 JRE (10.0.1+10), built on Mar 27 2018 02:27:48 by "mach5one" with MS VC++ 12.0 (VS2013)

END.
